SF:lib\main.dart
DA:11,0
DA:13,0
DA:15,0
DA:16,0
DA:17,0
DA:21,0
DA:27,1
DA:30,1
DA:32,1
DA:33,3
DA:34,1
DA:36,1
DA:37,0
DA:38,1
DA:39,1
DA:40,1
DA:43,1
DA:45,1
DA:49,1
DA:54,1
DA:61,1
DA:68,1
DA:69,1
DA:76,1
DA:77,1
DA:79,1
DA:81,1
DA:82,1
DA:85,1
DA:88,1
DA:90,1
DA:96,1
DA:101,1
DA:103,1
DA:104,1
DA:111,2
DA:112,1
LF:37
LH:30
end_of_record
SF:lib\cubit\cubit.dart
DA:12,3
DA:14,2
DA:36,0
DA:38,0
DA:39,0
DA:40,0
DA:41,0
DA:42,0
DA:43,0
DA:48,1
DA:50,2
DA:51,1
DA:52,1
DA:55,1
DA:57,0
DA:58,0
DA:59,1
DA:60,0
DA:61,0
DA:67,0
DA:69,0
DA:70,0
DA:72,0
DA:73,0
DA:76,0
DA:78,0
DA:79,0
DA:80,0
DA:81,0
DA:82,0
DA:87,0
DA:95,0
DA:97,0
DA:99,0
DA:101,0
DA:102,0
DA:105,0
DA:107,0
DA:108,0
DA:109,0
DA:110,0
DA:111,0
DA:116,0
DA:122,1
DA:126,0
DA:128,2
DA:129,3
DA:130,0
LF:48
LH:11
end_of_record
SF:lib\cubit\states.dart
DA:14,0
DA:24,0
DA:34,0
LF:3
LH:0
end_of_record
SF:lib\modules\module.spots\soprts_screen.dart
DA:10,0
DA:12,0
DA:13,0
DA:15,0
DA:17,0
DA:18,0
DA:19,0
DA:20,0
LF:8
LH:0
end_of_record
SF:lib\modules\modules.business\business_screen.dart
DA:9,1
DA:11,1
DA:12,1
DA:14,2
DA:16,1
DA:17,1
DA:18,2
DA:19,0
LF:8
LH:7
end_of_record
SF:lib\modules\modules.science\science_screen.dart
DA:10,0
DA:12,0
DA:13,0
DA:15,0
DA:17,0
DA:18,0
DA:19,0
DA:20,0
LF:8
LH:0
end_of_record
SF:lib\network\remote\dio_helper.dart
DA:5,3
DA:7,0
DA:8,0
DA:9,0
DA:16,1
DA:21,2
LF:6
LH:3
end_of_record
SF:lib\network\sharedprefrunce\shared_prefrunce.dart
DA:6,1
DA:8,0
DA:10,0
DA:13,1
DA:18,1
DA:21,0
DA:25,0
LF:7
LH:3
end_of_record
SF:lib\news_screen.dart
DA:9,1
DA:11,1
DA:12,3
DA:13,1
DA:14,0
DA:15,1
DA:17,1
DA:19,1
DA:20,1
DA:21,1
DA:24,1
DA:25,1
DA:26,1
DA:29,1
DA:31,0
DA:33,1
DA:38,3
DA:39,1
DA:40,1
DA:41,1
DA:42,0
DA:43,0
LF:22
LH:18
end_of_record
SF:lib\shared\componants\componants.dart
DA:4,0
DA:6,0
DA:7,0
DA:8,0
DA:11,0
DA:12,0
DA:13,0
DA:14,0
DA:19,0
DA:22,0
DA:23,0
DA:25,0
DA:29,0
DA:30,0
DA:31,0
DA:32,0
DA:33,0
DA:38,0
DA:39,0
DA:40,0
DA:50,0
DA:53,0
LF:22
LH:0
end_of_record
